<?xml version="1.0" encoding="UTF-8"?>
<testsuite xmlns:xsi="http://www.w3.org/2001/XMLSchema-instance" xsi:noNamespaceSchemaLocation="https://maven.apache.org/surefire/maven-surefire-plugin/xsd/surefire-test-report-3.0.xsd" version="3.0" name="TestSuite" time="12.546" tests="2" errors="0" skipped="0" failures="0">
  <properties>
    <property name="java.specification.version" value="17"/>
    <property name="sun.cpu.isalist" value="amd64"/>
    <property name="sun.jnu.encoding" value="Cp1252"/>
    <property name="sun.awt.enableExtraMouseButtons" value="true"/>
    <property name="java.class.path" value="C:\Users\HP\eclipse-workspace\OpenCart\target\test-classes;C:\Users\HP\eclipse-workspace\OpenCart\target\classes;C:\Users\HP\.m2\repository\org\seleniumhq\selenium\selenium-java\4.17.0\selenium-java-4.17.0.jar;C:\Users\HP\.m2\repository\org\seleniumhq\selenium\selenium-api\4.17.0\selenium-api-4.17.0.jar;C:\Users\HP\.m2\repository\org\seleniumhq\selenium\selenium-chrome-driver\4.17.0\selenium-chrome-driver-4.17.0.jar;C:\Users\HP\.m2\repository\com\google\auto\service\auto-service-annotations\1.1.1\auto-service-annotations-1.1.1.jar;C:\Users\HP\.m2\repository\org\seleniumhq\selenium\selenium-chromium-driver\4.17.0\selenium-chromium-driver-4.17.0.jar;C:\Users\HP\.m2\repository\org\seleniumhq\selenium\selenium-json\4.17.0\selenium-json-4.17.0.jar;C:\Users\HP\.m2\repository\org\seleniumhq\selenium\selenium-manager\4.17.0\selenium-manager-4.17.0.jar;C:\Users\HP\.m2\repository\org\seleniumhq\selenium\selenium-devtools-v119\4.17.0\selenium-devtools-v119-4.17.0.jar;C:\Users\HP\.m2\repository\org\seleniumhq\selenium\selenium-devtools-v120\4.17.0\selenium-devtools-v120-4.17.0.jar;C:\Users\HP\.m2\repository\org\seleniumhq\selenium\selenium-devtools-v121\4.17.0\selenium-devtools-v121-4.17.0.jar;C:\Users\HP\.m2\repository\org\seleniumhq\selenium\selenium-devtools-v85\4.17.0\selenium-devtools-v85-4.17.0.jar;C:\Users\HP\.m2\repository\org\seleniumhq\selenium\selenium-edge-driver\4.17.0\selenium-edge-driver-4.17.0.jar;C:\Users\HP\.m2\repository\org\seleniumhq\selenium\selenium-firefox-driver\4.17.0\selenium-firefox-driver-4.17.0.jar;C:\Users\HP\.m2\repository\org\seleniumhq\selenium\selenium-http\4.17.0\selenium-http-4.17.0.jar;C:\Users\HP\.m2\repository\dev\failsafe\failsafe\3.3.2\failsafe-3.3.2.jar;C:\Users\HP\.m2\repository\org\seleniumhq\selenium\selenium-ie-driver\4.17.0\selenium-ie-driver-4.17.0.jar;C:\Users\HP\.m2\repository\org\seleniumhq\selenium\selenium-remote-driver\4.17.0\selenium-remote-driver-4.17.0.jar;C:\Users\HP\.m2\repository\com\google\guava\guava\33.0.0-jre\guava-33.0.0-jre.jar;C:\Users\HP\.m2\repository\com\google\guava\failureaccess\1.0.2\failureaccess-1.0.2.jar;C:\Users\HP\.m2\repository\com\google\guava\listenablefuture\9999.0-empty-to-avoid-conflict-with-guava\listenablefuture-9999.0-empty-to-avoid-conflict-with-guava.jar;C:\Users\HP\.m2\repository\com\google\code\findbugs\jsr305\3.0.2\jsr305-3.0.2.jar;C:\Users\HP\.m2\repository\org\checkerframework\checker-qual\3.41.0\checker-qual-3.41.0.jar;C:\Users\HP\.m2\repository\com\google\errorprone\error_prone_annotations\2.23.0\error_prone_annotations-2.23.0.jar;C:\Users\HP\.m2\repository\com\google\j2objc\j2objc-annotations\2.8\j2objc-annotations-2.8.jar;C:\Users\HP\.m2\repository\io\opentelemetry\semconv\opentelemetry-semconv\1.23.1-alpha\opentelemetry-semconv-1.23.1-alpha.jar;C:\Users\HP\.m2\repository\io\opentelemetry\opentelemetry-api\1.34.1\opentelemetry-api-1.34.1.jar;C:\Users\HP\.m2\repository\io\opentelemetry\opentelemetry-context\1.34.1\opentelemetry-context-1.34.1.jar;C:\Users\HP\.m2\repository\io\opentelemetry\opentelemetry-exporter-logging\1.34.1\opentelemetry-exporter-logging-1.34.1.jar;C:\Users\HP\.m2\repository\io\opentelemetry\opentelemetry-sdk-common\1.34.1\opentelemetry-sdk-common-1.34.1.jar;C:\Users\HP\.m2\repository\io\opentelemetry\opentelemetry-sdk-extension-autoconfigure-spi\1.34.1\opentelemetry-sdk-extension-autoconfigure-spi-1.34.1.jar;C:\Users\HP\.m2\repository\io\opentelemetry\opentelemetry-sdk-extension-autoconfigure\1.34.1\opentelemetry-sdk-extension-autoconfigure-1.34.1.jar;C:\Users\HP\.m2\repository\io\opentelemetry\opentelemetry-api-events\1.34.1-alpha\opentelemetry-api-events-1.34.1-alpha.jar;C:\Users\HP\.m2\repository\io\opentelemetry\opentelemetry-sdk-trace\1.34.1\opentelemetry-sdk-trace-1.34.1.jar;C:\Users\HP\.m2\repository\io\opentelemetry\opentelemetry-sdk\1.34.1\opentelemetry-sdk-1.34.1.jar;C:\Users\HP\.m2\repository\io\opentelemetry\opentelemetry-sdk-metrics\1.34.1\opentelemetry-sdk-metrics-1.34.1.jar;C:\Users\HP\.m2\repository\io\opentelemetry\opentelemetry-extension-incubator\1.34.1-alpha\opentelemetry-extension-incubator-1.34.1-alpha.jar;C:\Users\HP\.m2\repository\io\opentelemetry\opentelemetry-sdk-logs\1.34.1\opentelemetry-sdk-logs-1.34.1.jar;C:\Users\HP\.m2\repository\net\bytebuddy\byte-buddy\1.14.11\byte-buddy-1.14.11.jar;C:\Users\HP\.m2\repository\org\seleniumhq\selenium\selenium-os\4.17.0\selenium-os-4.17.0.jar;C:\Users\HP\.m2\repository\org\apache\commons\commons-exec\1.3\commons-exec-1.3.jar;C:\Users\HP\.m2\repository\org\seleniumhq\selenium\selenium-safari-driver\4.17.0\selenium-safari-driver-4.17.0.jar;C:\Users\HP\.m2\repository\org\seleniumhq\selenium\selenium-support\4.17.0\selenium-support-4.17.0.jar;C:\Users\HP\.m2\repository\org\apache\poi\poi\5.2.5\poi-5.2.5.jar;C:\Users\HP\.m2\repository\commons-codec\commons-codec\1.16.0\commons-codec-1.16.0.jar;C:\Users\HP\.m2\repository\org\apache\commons\commons-collections4\4.4\commons-collections4-4.4.jar;C:\Users\HP\.m2\repository\org\apache\commons\commons-math3\3.6.1\commons-math3-3.6.1.jar;C:\Users\HP\.m2\repository\com\zaxxer\SparseBitSet\1.3\SparseBitSet-1.3.jar;C:\Users\HP\.m2\repository\org\apache\poi\poi-ooxml\5.2.5\poi-ooxml-5.2.5.jar;C:\Users\HP\.m2\repository\org\apache\poi\poi-ooxml-lite\5.2.5\poi-ooxml-lite-5.2.5.jar;C:\Users\HP\.m2\repository\org\apache\xmlbeans\xmlbeans\5.2.0\xmlbeans-5.2.0.jar;C:\Users\HP\.m2\repository\org\apache\commons\commons-compress\1.25.0\commons-compress-1.25.0.jar;C:\Users\HP\.m2\repository\com\github\virtuald\curvesapi\1.08\curvesapi-1.08.jar;C:\Users\HP\.m2\repository\org\apache\logging\log4j\log4j-core\3.0.0-beta1\log4j-core-3.0.0-beta1.jar;C:\Users\HP\.m2\repository\org\apache\logging\log4j\log4j-plugins\3.0.0-beta1\log4j-plugins-3.0.0-beta1.jar;C:\Users\HP\.m2\repository\org\apache\logging\log4j\log4j-api\3.0.0-beta1\log4j-api-3.0.0-beta1.jar;C:\Users\HP\.m2\repository\commons-io\commons-io\2.15.1\commons-io-2.15.1.jar;C:\Users\HP\.m2\repository\org\apache\commons\commons-lang3\3.14.0\commons-lang3-3.14.0.jar;C:\Users\HP\.m2\repository\org\testng\testng\7.9.0\testng-7.9.0.jar;C:\Users\HP\.m2\repository\org\slf4j\slf4j-api\1.7.36\slf4j-api-1.7.36.jar;C:\Users\HP\.m2\repository\com\beust\jcommander\1.82\jcommander-1.82.jar;C:\Users\HP\.m2\repository\org\webjars\jquery\3.7.1\jquery-3.7.1.jar;C:\Users\HP\.m2\repository\com\aventstack\extentreports\5.1.1\extentreports-5.1.1.jar;C:\Users\HP\.m2\repository\io\reactivex\rxjava3\rxjava\3.1.6\rxjava-3.1.6.jar;C:\Users\HP\.m2\repository\org\reactivestreams\reactive-streams\1.0.4\reactive-streams-1.0.4.jar;C:\Users\HP\.m2\repository\org\freemarker\freemarker\2.3.32\freemarker-2.3.32.jar;C:\Users\HP\.m2\repository\org\projectlombok\lombok\1.18.26\lombok-1.18.26.jar;C:\Users\HP\.m2\repository\com\google\code\gson\gson\2.10.1\gson-2.10.1.jar;"/>
    <property name="java.vm.vendor" value="Oracle Corporation"/>
    <property name="sun.arch.data.model" value="64"/>
    <property name="user.variant" value=""/>
    <property name="java.vendor.url" value="https://java.oracle.com/"/>
    <property name="user.timezone" value="Asia/Calcutta"/>
    <property name="os.name" value="Windows 10"/>
    <property name="java.vm.specification.version" value="17"/>
    <property name="sun.java.launcher" value="SUN_STANDARD"/>
    <property name="user.country" value="US"/>
    <property name="sun.boot.library.path" value="C:\Program Files\Java\jdk-17.0.3\bin"/>
    <property name="sun.java.command" value="C:\Users\HP\AppData\Local\Temp\surefire6015883280779520354\surefirebooter-20240206192141717_3.jar C:\Users\HP\AppData\Local\Temp\surefire6015883280779520354 2024-02-06T19-21-41_514-jvmRun1 surefire-20240206192141717_1tmp surefire_0-20240206192141717_2tmp"/>
    <property name="jdk.debug" value="release"/>
    <property name="surefire.test.class.path" value="C:\Users\HP\eclipse-workspace\OpenCart\target\test-classes;C:\Users\HP\eclipse-workspace\OpenCart\target\classes;C:\Users\HP\.m2\repository\org\seleniumhq\selenium\selenium-java\4.17.0\selenium-java-4.17.0.jar;C:\Users\HP\.m2\repository\org\seleniumhq\selenium\selenium-api\4.17.0\selenium-api-4.17.0.jar;C:\Users\HP\.m2\repository\org\seleniumhq\selenium\selenium-chrome-driver\4.17.0\selenium-chrome-driver-4.17.0.jar;C:\Users\HP\.m2\repository\com\google\auto\service\auto-service-annotations\1.1.1\auto-service-annotations-1.1.1.jar;C:\Users\HP\.m2\repository\org\seleniumhq\selenium\selenium-chromium-driver\4.17.0\selenium-chromium-driver-4.17.0.jar;C:\Users\HP\.m2\repository\org\seleniumhq\selenium\selenium-json\4.17.0\selenium-json-4.17.0.jar;C:\Users\HP\.m2\repository\org\seleniumhq\selenium\selenium-manager\4.17.0\selenium-manager-4.17.0.jar;C:\Users\HP\.m2\repository\org\seleniumhq\selenium\selenium-devtools-v119\4.17.0\selenium-devtools-v119-4.17.0.jar;C:\Users\HP\.m2\repository\org\seleniumhq\selenium\selenium-devtools-v120\4.17.0\selenium-devtools-v120-4.17.0.jar;C:\Users\HP\.m2\repository\org\seleniumhq\selenium\selenium-devtools-v121\4.17.0\selenium-devtools-v121-4.17.0.jar;C:\Users\HP\.m2\repository\org\seleniumhq\selenium\selenium-devtools-v85\4.17.0\selenium-devtools-v85-4.17.0.jar;C:\Users\HP\.m2\repository\org\seleniumhq\selenium\selenium-edge-driver\4.17.0\selenium-edge-driver-4.17.0.jar;C:\Users\HP\.m2\repository\org\seleniumhq\selenium\selenium-firefox-driver\4.17.0\selenium-firefox-driver-4.17.0.jar;C:\Users\HP\.m2\repository\org\seleniumhq\selenium\selenium-http\4.17.0\selenium-http-4.17.0.jar;C:\Users\HP\.m2\repository\dev\failsafe\failsafe\3.3.2\failsafe-3.3.2.jar;C:\Users\HP\.m2\repository\org\seleniumhq\selenium\selenium-ie-driver\4.17.0\selenium-ie-driver-4.17.0.jar;C:\Users\HP\.m2\repository\org\seleniumhq\selenium\selenium-remote-driver\4.17.0\selenium-remote-driver-4.17.0.jar;C:\Users\HP\.m2\repository\com\google\guava\guava\33.0.0-jre\guava-33.0.0-jre.jar;C:\Users\HP\.m2\repository\com\google\guava\failureaccess\1.0.2\failureaccess-1.0.2.jar;C:\Users\HP\.m2\repository\com\google\guava\listenablefuture\9999.0-empty-to-avoid-conflict-with-guava\listenablefuture-9999.0-empty-to-avoid-conflict-with-guava.jar;C:\Users\HP\.m2\repository\com\google\code\findbugs\jsr305\3.0.2\jsr305-3.0.2.jar;C:\Users\HP\.m2\repository\org\checkerframework\checker-qual\3.41.0\checker-qual-3.41.0.jar;C:\Users\HP\.m2\repository\com\google\errorprone\error_prone_annotations\2.23.0\error_prone_annotations-2.23.0.jar;C:\Users\HP\.m2\repository\com\google\j2objc\j2objc-annotations\2.8\j2objc-annotations-2.8.jar;C:\Users\HP\.m2\repository\io\opentelemetry\semconv\opentelemetry-semconv\1.23.1-alpha\opentelemetry-semconv-1.23.1-alpha.jar;C:\Users\HP\.m2\repository\io\opentelemetry\opentelemetry-api\1.34.1\opentelemetry-api-1.34.1.jar;C:\Users\HP\.m2\repository\io\opentelemetry\opentelemetry-context\1.34.1\opentelemetry-context-1.34.1.jar;C:\Users\HP\.m2\repository\io\opentelemetry\opentelemetry-exporter-logging\1.34.1\opentelemetry-exporter-logging-1.34.1.jar;C:\Users\HP\.m2\repository\io\opentelemetry\opentelemetry-sdk-common\1.34.1\opentelemetry-sdk-common-1.34.1.jar;C:\Users\HP\.m2\repository\io\opentelemetry\opentelemetry-sdk-extension-autoconfigure-spi\1.34.1\opentelemetry-sdk-extension-autoconfigure-spi-1.34.1.jar;C:\Users\HP\.m2\repository\io\opentelemetry\opentelemetry-sdk-extension-autoconfigure\1.34.1\opentelemetry-sdk-extension-autoconfigure-1.34.1.jar;C:\Users\HP\.m2\repository\io\opentelemetry\opentelemetry-api-events\1.34.1-alpha\opentelemetry-api-events-1.34.1-alpha.jar;C:\Users\HP\.m2\repository\io\opentelemetry\opentelemetry-sdk-trace\1.34.1\opentelemetry-sdk-trace-1.34.1.jar;C:\Users\HP\.m2\repository\io\opentelemetry\opentelemetry-sdk\1.34.1\opentelemetry-sdk-1.34.1.jar;C:\Users\HP\.m2\repository\io\opentelemetry\opentelemetry-sdk-metrics\1.34.1\opentelemetry-sdk-metrics-1.34.1.jar;C:\Users\HP\.m2\repository\io\opentelemetry\opentelemetry-extension-incubator\1.34.1-alpha\opentelemetry-extension-incubator-1.34.1-alpha.jar;C:\Users\HP\.m2\repository\io\opentelemetry\opentelemetry-sdk-logs\1.34.1\opentelemetry-sdk-logs-1.34.1.jar;C:\Users\HP\.m2\repository\net\bytebuddy\byte-buddy\1.14.11\byte-buddy-1.14.11.jar;C:\Users\HP\.m2\repository\org\seleniumhq\selenium\selenium-os\4.17.0\selenium-os-4.17.0.jar;C:\Users\HP\.m2\repository\org\apache\commons\commons-exec\1.3\commons-exec-1.3.jar;C:\Users\HP\.m2\repository\org\seleniumhq\selenium\selenium-safari-driver\4.17.0\selenium-safari-driver-4.17.0.jar;C:\Users\HP\.m2\repository\org\seleniumhq\selenium\selenium-support\4.17.0\selenium-support-4.17.0.jar;C:\Users\HP\.m2\repository\org\apache\poi\poi\5.2.5\poi-5.2.5.jar;C:\Users\HP\.m2\repository\commons-codec\commons-codec\1.16.0\commons-codec-1.16.0.jar;C:\Users\HP\.m2\repository\org\apache\commons\commons-collections4\4.4\commons-collections4-4.4.jar;C:\Users\HP\.m2\repository\org\apache\commons\commons-math3\3.6.1\commons-math3-3.6.1.jar;C:\Users\HP\.m2\repository\com\zaxxer\SparseBitSet\1.3\SparseBitSet-1.3.jar;C:\Users\HP\.m2\repository\org\apache\poi\poi-ooxml\5.2.5\poi-ooxml-5.2.5.jar;C:\Users\HP\.m2\repository\org\apache\poi\poi-ooxml-lite\5.2.5\poi-ooxml-lite-5.2.5.jar;C:\Users\HP\.m2\repository\org\apache\xmlbeans\xmlbeans\5.2.0\xmlbeans-5.2.0.jar;C:\Users\HP\.m2\repository\org\apache\commons\commons-compress\1.25.0\commons-compress-1.25.0.jar;C:\Users\HP\.m2\repository\com\github\virtuald\curvesapi\1.08\curvesapi-1.08.jar;C:\Users\HP\.m2\repository\org\apache\logging\log4j\log4j-core\3.0.0-beta1\log4j-core-3.0.0-beta1.jar;C:\Users\HP\.m2\repository\org\apache\logging\log4j\log4j-plugins\3.0.0-beta1\log4j-plugins-3.0.0-beta1.jar;C:\Users\HP\.m2\repository\org\apache\logging\log4j\log4j-api\3.0.0-beta1\log4j-api-3.0.0-beta1.jar;C:\Users\HP\.m2\repository\commons-io\commons-io\2.15.1\commons-io-2.15.1.jar;C:\Users\HP\.m2\repository\org\apache\commons\commons-lang3\3.14.0\commons-lang3-3.14.0.jar;C:\Users\HP\.m2\repository\org\testng\testng\7.9.0\testng-7.9.0.jar;C:\Users\HP\.m2\repository\org\slf4j\slf4j-api\1.7.36\slf4j-api-1.7.36.jar;C:\Users\HP\.m2\repository\com\beust\jcommander\1.82\jcommander-1.82.jar;C:\Users\HP\.m2\repository\org\webjars\jquery\3.7.1\jquery-3.7.1.jar;C:\Users\HP\.m2\repository\com\aventstack\extentreports\5.1.1\extentreports-5.1.1.jar;C:\Users\HP\.m2\repository\io\reactivex\rxjava3\rxjava\3.1.6\rxjava-3.1.6.jar;C:\Users\HP\.m2\repository\org\reactivestreams\reactive-streams\1.0.4\reactive-streams-1.0.4.jar;C:\Users\HP\.m2\repository\org\freemarker\freemarker\2.3.32\freemarker-2.3.32.jar;C:\Users\HP\.m2\repository\org\projectlombok\lombok\1.18.26\lombok-1.18.26.jar;C:\Users\HP\.m2\repository\com\google\code\gson\gson\2.10.1\gson-2.10.1.jar;"/>
    <property name="sun.cpu.endian" value="little"/>
    <property name="user.home" value="C:\Users\HP"/>
    <property name="user.language" value="en"/>
    <property name="java.specification.vendor" value="Oracle Corporation"/>
    <property name="java.version.date" value="2022-04-19"/>
    <property name="java.home" value="C:\Program Files\Java\jdk-17.0.3"/>
    <property name="javax.accessibility.assistive_technologies" value="com.sun.java.accessibility.AccessBridge"/>
    <property name="file.separator" value="\"/>
    <property name="basedir" value="C:\Users\HP\eclipse-workspace\OpenCart"/>
    <property name="java.vm.compressedOopsMode" value="32-bit"/>
    <property name="line.separator" value="&#10;"/>
    <property name="java.vm.specification.vendor" value="Oracle Corporation"/>
    <property name="java.specification.name" value="Java Platform API Specification"/>
    <property name="javax.accessibility.screen_magnifier_present" value="true"/>
    <property name="surefire.real.class.path" value="C:\Users\HP\AppData\Local\Temp\surefire6015883280779520354\surefirebooter-20240206192141717_3.jar"/>
    <property name="user.script" value=""/>
    <property name="sun.management.compiler" value="HotSpot 64-Bit Tiered Compilers"/>
    <property name="java.runtime.version" value="17.0.3+8-LTS-111"/>
    <property name="user.name" value="HP"/>
    <property name="path.separator" value=";"/>
    <property name="os.version" value="10.0"/>
    <property name="java.runtime.name" value="Java(TM) SE Runtime Environment"/>
    <property name="file.encoding" value="Cp1252"/>
    <property name="java.vm.name" value="Java HotSpot(TM) 64-Bit Server VM"/>
    <property name="localRepository" value="C:\Users\HP\.m2\repository"/>
    <property name="java.vendor.url.bug" value="https://bugreport.java.com/bugreport/"/>
    <property name="java.io.tmpdir" value="C:\Users\HP\AppData\Local\Temp\"/>
    <property name="java.version" value="17.0.3"/>
    <property name="user.dir" value="C:\Users\HP\eclipse-workspace\OpenCart"/>
    <property name="os.arch" value="amd64"/>
    <property name="java.vm.specification.name" value="Java Virtual Machine Specification"/>
    <property name="sun.os.patch.level" value=""/>
    <property name="native.encoding" value="Cp1252"/>
    <property name="java.library.path" value="C:\Program Files\Java\jdk-17.0.3\bin;C:\Windows\Sun\Java\bin;C:\Windows\system32;C:\Windows;C:\Program Files\Common Files\Oracle\Java\javapath;C:\Windows\system32;C:\Windows;C:\Windows\System32\Wbem;C:\Windows\System32\WindowsPowerShell\v1.0\;C:\Windows\System32\OpenSSH\;C:\Program Files\Java\jdk-17.0.3\bin;C:\apache-maven-3.9.6\bin;C:\Program Files\MySQL\MySQL Shell 8.0\bin\;C:\Users\HP\AppData\Local\Microsoft\WindowsApps;;C:\Program Files\JetBrains\IntelliJ IDEA Community Edition 2022.1\bin;;."/>
    <property name="java.vm.info" value="mixed mode, sharing"/>
    <property name="java.vendor" value="Oracle Corporation"/>
    <property name="java.vm.version" value="17.0.3+8-LTS-111"/>
    <property name="sun.io.unicode.encoding" value="UnicodeLittle"/>
    <property name="java.class.version" value="61.0"/>
  </properties>
  <testcase name="verify_Account_Registration" classname="testCases.TC_001_AccountRegistrationTest" time="3.612">
    <system-out><![CDATA[19:21:46.153 [main] INFO  testCases.TC_001_AccountRegistrationTest - *** Starting TC_001_AccountRegistrationTest ***
19:21:46.289 [main] INFO  testCases.TC_001_AccountRegistrationTest - clicked on MyAccount..
19:21:46.691 [main] INFO  testCases.TC_001_AccountRegistrationTest - clicked on Register Button..
19:21:46.691 [main] INFO  testCases.TC_001_AccountRegistrationTest - Entering Details....
19:21:49.716 [main] INFO  testCases.TC_001_AccountRegistrationTest - Clicked on continue....
19:21:49.716 [main] INFO  testCases.TC_001_AccountRegistrationTest - Validating confirmation message....
19:21:49.747 [main] INFO  testCases.TC_001_AccountRegistrationTest - Test passed.....
19:21:49.747 [main] INFO  testCases.TC_001_AccountRegistrationTest - *** Complete TC_001_AccountRegistrationTest***
]]></system-out>
    <system-err><![CDATA[SLF4J: Failed to load class "org.slf4j.impl.StaticLoggerBinder".
SLF4J: Defaulting to no-operation (NOP) logger implementation
SLF4J: See http://www.slf4j.org/codes.html#StaticLoggerBinder for further details.
]]></system-err>
  </testcase>
  <testcase name="loginTest" classname="testCases.TC_002_LoginTest" time="1.498">
    <system-out><![CDATA[19:21:51.972 [main] INFO  testCases.TC_002_LoginTest - *** Starting TC_002_LoginTest ***
19:21:52.122 [main] INFO  testCases.TC_002_LoginTest - Clicked on myAccount...
19:21:52.468 [main] INFO  testCases.TC_002_LoginTest - Clicked on Login...
19:21:52.471 [main] INFO  testCases.TC_002_LoginTest - Entering Login details........
19:21:52.973 [main] INFO  testCases.TC_002_LoginTest - Click on login Button
19:21:53.467 [main] INFO  testCases.TC_002_LoginTest - Test Passed......
19:21:53.467 [main] INFO  testCases.TC_002_LoginTest - *** Finished TC_002_LoginTest ***
]]></system-out>
  </testcase>
</testsuite>