<?xml version="1.0" encoding="UTF-8"?>
<!-- Generated by org.testng.reporters.JUnitReportReporter -->
<testsuite hostname="DESKTOP-OI7K8IM" failures="0" tests="1" name="testCases.TC_006_EndToEndTest" time="39.201" errors="0" timestamp="2024-02-27T14:07:06 IST" skipped="0">
  <testcase classname="testCases.TC_006_EndToEndTest" name="OrderSuccessfull" time="39.201"/>
</testsuite> <!-- testCases.TC_006_EndToEndTest -->
