<?xml version="1.0" encoding="UTF-8"?>
<!-- Generated by org.testng.reporters.JUnitReportReporter -->
<testsuite hostname="DESKTOP-OI7K8IM" failures="0" tests="1" name="testCases.TC_004_SearchProductTest" time="0.939" errors="0" timestamp="2024-02-27T13:47:13 IST" skipped="0">
  <testcase classname="testCases.TC_004_SearchProductTest" name="verify_Search" time="0.939"/>
</testsuite> <!-- testCases.TC_004_SearchProductTest -->
