<?xml version="1.0" encoding="UTF-8"?>
<!-- Generated by org.testng.reporters.JUnitReportReporter -->
<testsuite hostname="DESKTOP-OI7K8IM" failures="0" tests="5" name="testCases.TC_003_LoginDDT" time="35.205" errors="0" timestamp="2024-02-05T16:12:18 IST" skipped="0">
  <testcase classname="testCases.TC_003_LoginDDT" name="verify_LoginDDT" time="10.781"/>
  <testcase classname="testCases.TC_003_LoginDDT" name="verify_LoginDDT" time="1.278"/>
  <testcase classname="testCases.TC_003_LoginDDT" name="verify_LoginDDT" time="10.845"/>
  <testcase classname="testCases.TC_003_LoginDDT" name="verify_LoginDDT" time="10.875"/>
  <testcase classname="testCases.TC_003_LoginDDT" name="verify_LoginDDT" time="1.426"/>
</testsuite> <!-- testCases.TC_003_LoginDDT -->
