<?xml version="1.0" encoding="UTF-8"?>
<!-- Generated by org.testng.reporters.JUnitReportReporter -->
<testsuite hostname="DESKTOP-OI7K8IM" failures="0" tests="1" name="testCases.TC_005_AddToCartTest" time="1.519" errors="0" timestamp="2024-02-27T13:47:13 IST" skipped="0">
  <testcase classname="testCases.TC_005_AddToCartTest" name="addtoCart" time="1.519"/>
</testsuite> <!-- testCases.TC_005_AddToCartTest -->
