<?xml version="1.0" encoding="UTF-8"?>
<!-- Generated by org.testng.reporters.JUnitReportReporter -->
<testsuite hostname="DESKTOP-OI7K8IM" failures="0" tests="1" name="testCases.TC_002_LoginTest" time="1.495" errors="0" timestamp="2024-02-06T19:21:54 IST" skipped="0">
  <testcase classname="testCases.TC_002_LoginTest" name="loginTest" time="1.495"/>
</testsuite> <!-- testCases.TC_002_LoginTest -->
